00:00:00.002022 main     VirtualBox COM Server 7.0.6 r155176 win.amd64 (Jan 11 2023 16:38:38) release log
00:00:00.002023 main     Log opened 2023-06-14T07:16:13.531066500Z
00:00:00.002024 main     Build Type: release
00:00:00.002028 main     OS Product: Windows 11
00:00:00.002028 main     OS Release: 10.0.22621
00:00:00.002029 main     OS Service Pack: 
00:00:00.013915 main     DMI Product Name: HP Laptop 15s-eq3xxx
00:00:00.021265 main     DMI Product Version:  
00:00:00.021272 main     Firmware type: UEFI
00:00:00.021518 main     Secure Boot: VERR_PRIVILEGE_NOT_HELD
00:00:00.021537 main     Host RAM: 15712MB (15.3GB) total, 5630MB (5.4GB) available
00:00:00.021540 main     Executable: C:\Program Files\Oracle\VirtualBox\VBoxSVC.exe
00:00:00.021541 main     Process ID: 16012
00:00:00.021541 main     Package type: WINDOWS_64BITS_GENERIC
00:00:00.025201          VirtualBox: object creation starts
00:00:00.025475          Home directory: 'C:\Users\andy\.VirtualBox'
00:00:00.025595          Installed Drivers:
00:00:00.029479            C:\WINDOWS\system32\DRIVERS\VBoxNetLwf.sys (Version: 7.0.6.5176)
00:00:00.030094            C:\WINDOWS\system32\DRIVERS\VBoxUSBMon.sys (Version: 7.0.6.5176)
00:00:00.030358            C:\WINDOWS\system32\DRIVERS\VBoxSup.sys (Version: 7.0.6.5176)
00:00:00.031302            C:\WINDOWS\System32\drivers\VBoxNetAdp6.sys (Version: 7.0.6.5176)
00:00:00.035314          Loading settings file "C:\Users\andy\.VirtualBox\VirtualBox.xml" with version "1.12-windows"
00:00:00.037811          usbLibGetDevices: Starting USB device enumeration
00:00:00.043867          Getting USB descriptor (id 0) failed (dwErr=31) on hub USB#ROOT_HUB30#5&21e575b9&0&0#{f18a0e88-c30c-11d0-8815-00a0c906bed8} port 3
00:00:00.043935          Getting USB descriptor (id 0) failed (dwErr=31) on hub USB#ROOT_HUB30#5&21e575b9&0&0#{f18a0e88-c30c-11d0-8815-00a0c906bed8} port 4
00:00:00.045761          usbLibGetDevices: Found 3 USB devices, 0 captured
00:00:00.045811          USB: Unknown USB device detected (idVendor: 0x0bda, idProduct: 0xb00c)
00:00:00.045829          USB: Unknown USB device detected (idVendor: 0x30c9, idProduct: 0x0064)
00:00:00.131271          netIfIsWireless: CreateFile on '\\.\{24901E95-DD90-40D3-AB01-FE6731B72C60}' failed with rcWin=2 (0x2) - ignoring
00:00:00.135207          HostDnsMonitor: initializing
00:00:00.140995          HostDnsMonitor: updating information
00:00:00.141020          HostDnsMonitor: old information
00:00:00.141021            no server entries
00:00:00.141021            no domain set
00:00:00.141021            no search string entries
00:00:00.141022          HostDnsMonitor: new information
00:00:00.141022            server 1: 212.224.129.90
00:00:00.141023            server 2: 212.224.129.94
00:00:00.141023            no domain set
00:00:00.141023            no search string entries
00:00:00.142344          VD: VDInit finished with VINF_SUCCESS
00:00:00.143440          Loading settings file "C:\Users\andy\VirtualBox VMs\ubuntu\ubuntu.vbox" with version "1.16-windows"
00:00:00.144109          Loading settings file "C:\Users\andy\VirtualBox VMs\Windows 10\Windows 10.vbox" with version "1.16-windows"
00:00:00.144591          Loading settings file "C:\Users\andy\Documents\Virtual machines\dw2-Aalst\dw2-Aalst.vbox" with version "1.19-windows"
00:00:00.145051          VirtualBox: object created
00:00:00.192143          Saving settings file "C:\Users\andy\.VirtualBox\VirtualBox.xml" with version "1.12-windows"
00:00:00.194381          Finished saving settings file "C:\Users\andy\.VirtualBox\VirtualBox.xml"
00:00:00.194546          Saving settings file "C:\Users\andy\.VirtualBox\VirtualBox.xml" with version "1.12-windows"
00:00:00.196351          Finished saving settings file "C:\Users\andy\.VirtualBox\VirtualBox.xml"
00:00:00.196503          Saving settings file "C:\Users\andy\.VirtualBox\VirtualBox.xml" with version "1.12-windows"
00:00:00.198607          Finished saving settings file "C:\Users\andy\.VirtualBox\VirtualBox.xml"
00:00:00.883256          ERROR [COM]: aRC=VBOX_E_INVALID_VM_STATE (0x80bb0002) aIID={300763af-5d6b-46e6-aa96-273eac15538a} aComponent={MachineWrap} aText={The machine is not mutable (state is PoweredOff)}, preserve=false aResultDetail=0
00:00:02.263194          Saving settings file "C:\Users\andy\.VirtualBox\VirtualBox.xml" with version "1.12-windows"
00:00:02.277510          Finished saving settings file "C:\Users\andy\.VirtualBox\VirtualBox.xml"
00:00:02.284200          ERROR [COM]: aRC=VBOX_E_INVALID_VM_STATE (0x80bb0002) aIID={300763af-5d6b-46e6-aa96-273eac15538a} aComponent={MachineWrap} aText={The machine is not mutable (state is PoweredOff)}, preserve=false aResultDetail=0
00:00:06.934250          ERROR [COM]: aRC=VBOX_E_OBJECT_NOT_FOUND (0x80bb0001) aIID={5bfd8965-b81b-469f-8649-f717ce97a5d5} aComponent={NvramStoreWrap} aText={The UEFI NVRAM file is not existing for this machine.}, preserve=false aResultDetail=0
00:00:07.016254          netIfIsWireless: CreateFile on '\\.\{24901E95-DD90-40D3-AB01-FE6731B72C60}' failed with rcWin=2 (0x2) - ignoring
00:00:07.038654          netIfIsWireless: CreateFile on '\\.\{24901E95-DD90-40D3-AB01-FE6731B72C60}' failed with rcWin=2 (0x2) - ignoring
00:00:07.086585          ERROR [COM]: aRC=VBOX_E_INVALID_VM_STATE (0x80bb0002) aIID={300763af-5d6b-46e6-aa96-273eac15538a} aComponent={MachineWrap} aText={The machine is not mutable (state is PoweredOff)}, preserve=false aResultDetail=0
00:01:06.871594          Saving settings file "C:\Users\andy\.VirtualBox\VirtualBox.xml" with version "1.12-windows"
00:01:06.886129          Finished saving settings file "C:\Users\andy\.VirtualBox\VirtualBox.xml"
00:01:06.893897          ERROR [COM]: aRC=VBOX_E_INVALID_VM_STATE (0x80bb0002) aIID={300763af-5d6b-46e6-aa96-273eac15538a} aComponent={MachineWrap} aText={The machine is not mutable (state is PoweredOff)}, preserve=false aResultDetail=0
00:01:07.868137          Saving settings file "C:\Users\andy\.VirtualBox\VirtualBox.xml" with version "1.12-windows"
00:01:07.881823          Finished saving settings file "C:\Users\andy\.VirtualBox\VirtualBox.xml"
00:01:07.889132          ERROR [COM]: aRC=VBOX_E_INVALID_VM_STATE (0x80bb0002) aIID={300763af-5d6b-46e6-aa96-273eac15538a} aComponent={MachineWrap} aText={The machine is not mutable (state is PoweredOff)}, preserve=false aResultDetail=0
00:01:14.134518          ERROR [COM]: aRC=VBOX_E_OBJECT_NOT_FOUND (0x80bb0001) aIID={5bfd8965-b81b-469f-8649-f717ce97a5d5} aComponent={NvramStoreWrap} aText={The UEFI NVRAM file is not existing for this machine.}, preserve=false aResultDetail=0
00:01:14.237435          netIfIsWireless: CreateFile on '\\.\{24901E95-DD90-40D3-AB01-FE6731B72C60}' failed with rcWin=2 (0x2) - ignoring
00:01:14.244639          ERROR [COM]: aRC=VBOX_E_INVALID_VM_STATE (0x80bb0002) aIID={300763af-5d6b-46e6-aa96-273eac15538a} aComponent={MachineWrap} aText={The machine is not mutable (state is PoweredOff)}, preserve=false aResultDetail=0
00:01:14.259507          netIfIsWireless: CreateFile on '\\.\{24901E95-DD90-40D3-AB01-FE6731B72C60}' failed with rcWin=2 (0x2) - ignoring
00:01:14.295464          ERROR [COM]: aRC=VBOX_E_INVALID_VM_STATE (0x80bb0002) aIID={300763af-5d6b-46e6-aa96-273eac15538a} aComponent={MachineWrap} aText={The machine is not mutable (state is PoweredOff)}, preserve=false aResultDetail=0
00:02:10.029458          Saving settings file "C:\Users\andy\.VirtualBox\VirtualBox.xml" with version "1.12-windows"
00:02:10.043650          Finished saving settings file "C:\Users\andy\.VirtualBox\VirtualBox.xml"
00:02:30.764976 main     VirtualBox: object deletion starts
00:02:30.765053 main     ERROR [COM]: aRC=VBOX_E_OBJECT_IN_USE (0x80bb000c) aIID={ad47ad09-787b-44ab-b343-a082a3f2dfb1} aComponent={MediumWrap} aText={Medium 'C:\Users\andy\VirtualBox VMs\ubuntu\ubuntu.vdi' cannot be closed because it is still attached to 1 virtual machines}, preserve=false aResultDetail=0
00:02:30.765560 main     ERROR [COM]: aRC=VBOX_E_OBJECT_IN_USE (0x80bb000c) aIID={ad47ad09-787b-44ab-b343-a082a3f2dfb1} aComponent={MediumWrap} aText={Medium 'C:\Users\andy\VirtualBox VMs\Windows 10\Windows 10.vdi' cannot be closed because it is still attached to 1 virtual machines}, preserve=false aResultDetail=0
00:02:30.766055 main     ERROR [COM]: aRC=VBOX_E_OBJECT_IN_USE (0x80bb000c) aIID={ad47ad09-787b-44ab-b343-a082a3f2dfb1} aComponent={MediumWrap} aText={Medium 'C:\Users\andy\Documents\Virtual machines\dw2-Aalst\dw2-Aalst.vdi' cannot be closed because it is still attached to 1 virtual machines}, preserve=false aResultDetail=0
00:02:30.767411 main     HostDnsMonitor: shutting down ...
00:02:30.767461 main     HostDnsMonitor: shut down
00:02:30.769207 Watcher  ERROR [COM]: aRC=E_ACCESSDENIED (0x80070005) aIID={7682d5eb-f00e-44f1-8ca2-99d08b1cd607} aComponent={VirtualBoxWrap} aText={The object is not ready}, preserve=false aResultDetail=0
00:02:30.769394 main     VirtualBox: object deleted
